# JRE version: Java(TM) SE Runtime Environment (8.0_111-b14) (build 1.8.0_111-b14)
# Java VM: Java HotSpot(TM) 64-Bit Server VM (25.111-b14 mixed mode windows-amd64 compressed oops)
Heap:
 PSYoungGen      total 124416K, used 21715K [0x00000000d5580000, 0x00000000de800000, 0x0000000100000000)
  eden space 107520K, 4% used [0x00000000d5580000,0x00000000d5a3c448,0x00000000dbe80000)
  from space 16896K, 99% used [0x00000000dd100000,0x00000000de178890,0x00000000de180000)
  to   space 18944K, 0% used [0x00000000dbe80000,0x00000000dbe80000,0x00000000dd100000)
 ParOldGen       total 69632K, used 22926K [0x0000000080000000, 0x0000000084400000, 0x00000000d5580000)
  object space 69632K, 32% used [0x0000000080000000,0x0000000081663820,0x0000000084400000)
 Metaspace       used 31160K, capacity 31780K, committed 31872K, reserved 1077248K
  class space    used 3532K, capacity 3708K, committed 3712K, reserved 1048576K
GC Heap History (10 events):
Event: 54.518 GC heap before
{Heap before GC invocations=11 (full 1):
 PSYoungGen      total 67584K, used 63995K [0x00000000d5580000, 0x00000000da900000, 0x0000000100000000)
  eden space 57344K, 100% used [0x00000000d5580000,0x00000000d8d80000,0x00000000d8d80000)
  from space 10240K, 64% used [0x00000000d8d80000,0x00000000d93fefa0,0x00000000d9780000)
  to   space 9728K, 0% used [0x00000000d9f80000,0x00000000d9f80000,0x00000000da900000)
 ParOldGen       total 69632K, used 11492K [0x0000000080000000, 0x0000000084400000, 0x00000000d5580000)
  object space 69632K, 16% used [0x0000000080000000,0x0000000080b391a0,0x0000000084400000)
 Metaspace       used 22763K, capacity 23144K, committed 23296K, reserved 1069056K
  class space    used 2601K, capacity 2751K, committed 2816K, reserved 1048576K
Event: 54.534 GC heap after
Heap after GC invocations=11 (full 1):
 PSYoungGen      total 75776K, used 6371K [0x00000000d5580000, 0x00000000da900000, 0x0000000100000000)
  eden space 66048K, 0% used [0x00000000d5580000,0x00000000d5580000,0x00000000d9600000)
  from space 9728K, 65% used [0x00000000d9f80000,0x00000000da5b8d20,0x00000000da900000)
  to   space 9728K, 0% used [0x00000000d9600000,0x00000000d9600000,0x00000000d9f80000)
 ParOldGen       total 69632K, used 11500K [0x0000000080000000, 0x0000000084400000, 0x00000000d5580000)
  object space 69632K, 16% used [0x0000000080000000,0x0000000080b3b1a0,0x0000000084400000)
 Metaspace       used 22763K, capacity 23144K, committed 23296K, reserved 1069056K
  class space    used 2601K, capacity 2751K, committed 2816K, reserved 1048576K
}
Event: 55.528 GC heap before
{Heap before GC invocations=12 (full 1):
 PSYoungGen      total 75776K, used 72419K [0x00000000d5580000, 0x00000000da900000, 0x0000000100000000)
  eden space 66048K, 100% used [0x00000000d5580000,0x00000000d9600000,0x00000000d9600000)
  from space 9728K, 65% used [0x00000000d9f80000,0x00000000da5b8d20,0x00000000da900000)
  to   space 9728K, 0% used [0x00000000d9600000,0x00000000d9600000,0x00000000d9f80000)
 ParOldGen       total 69632K, used 11500K [0x0000000080000000, 0x0000000084400000, 0x00000000d5580000)
  object space 69632K, 16% used [0x0000000080000000,0x0000000080b3b1a0,0x0000000084400000)
 Metaspace       used 24011K, capacity 24518K, committed 24704K, reserved 1071104K
  class space    used 2711K, capacity 2888K, committed 2944K, reserved 1048576K
Event: 55.546 GC heap after
Heap after GC invocations=12 (full 1):
 PSYoungGen      total 75776K, used 9686K [0x00000000d5580000, 0x00000000db880000, 0x0000000100000000)
  eden space 66048K, 0% used [0x00000000d5580000,0x00000000d5580000,0x00000000d9600000)
  from space 9728K, 99% used [0x00000000d9600000,0x00000000d9f75a68,0x00000000d9f80000)
  to   space 10240K, 0% used [0x00000000dae80000,0x00000000dae80000,0x00000000db880000)
 ParOldGen       total 69632K, used 11508K [0x0000000080000000, 0x0000000084400000, 0x00000000d5580000)
  object space 69632K, 16% used [0x0000000080000000,0x0000000080b3d1a0,0x0000000084400000)
 Metaspace       used 24011K, capacity 24518K, committed 24704K, reserved 1071104K
  class space    used 2711K, capacity 2888K, committed 2944K, reserved 1048576K
}
Event: 56.372 GC heap before
{Heap before GC invocations=13 (full 1):
 PSYoungGen      total 75776K, used 75731K [0x00000000d5580000, 0x00000000db880000, 0x0000000100000000)
  eden space 66048K, 99% used [0x00000000d5580000,0x00000000d95ff320,0x00000000d9600000)
  from space 9728K, 99% used [0x00000000d9600000,0x00000000d9f75a68,0x00000000d9f80000)
  to   space 10240K, 0% used [0x00000000dae80000,0x00000000dae80000,0x00000000db880000)
 ParOldGen       total 69632K, used 11508K [0x0000000080000000, 0x0000000084400000, 0x00000000d5580000)
  object space 69632K, 16% used [0x0000000080000000,0x0000000080b3d1a0,0x0000000084400000)
 Metaspace       used 28153K, capacity 28742K, committed 28800K, reserved 1075200K
  class space    used 3243K, capacity 3448K, committed 3456K, reserved 1048576K
Event: 56.391 GC heap after
Heap after GC invocations=13 (full 1):
 PSYoungGen      total 89600K, used 10228K [0x00000000d5580000, 0x00000000dbf80000, 0x0000000100000000)
  eden space 79360K, 0% used [0x00000000d5580000,0x00000000d5580000,0x00000000da300000)
  from space 10240K, 99% used [0x00000000dae80000,0x00000000db87d088,0x00000000db880000)
  to   space 11776K, 0% used [0x00000000da300000,0x00000000da300000,0x00000000dae80000)
 ParOldGen       total 69632K, used 12619K [0x0000000080000000, 0x0000000084400000, 0x00000000d5580000)
  object space 69632K, 18% used [0x0000000080000000,0x0000000080c52cc0,0x0000000084400000)
 Metaspace       used 28153K, capacity 28742K, committed 28800K, reserved 1075200K
  class space    used 3243K, capacity 3448K, committed 3456K, reserved 1048576K
}
Event: 57.148 GC heap before
{Heap before GC invocations=14 (full 1):
 PSYoungGen      total 89600K, used 89536K [0x00000000d5580000, 0x00000000dbf80000, 0x0000000100000000)
  eden space 79360K, 99% used [0x00000000d5580000,0x00000000da2f3090,0x00000000da300000)
  from space 10240K, 99% used [0x00000000dae80000,0x00000000db87d088,0x00000000db880000)
  to   space 11776K, 0% used [0x00000000da300000,0x00000000da300000,0x00000000dae80000)
 ParOldGen       total 69632K, used 12619K [0x0000000080000000, 0x0000000084400000, 0x00000000d5580000)
  object space 69632K, 18% used [0x0000000080000000,0x0000000080c52cc0,0x0000000084400000)
 Metaspace       used 29444K, capacity 30054K, committed 30208K, reserved 1075200K
  class space    used 3366K, capacity 3544K, committed 3584K, reserved 1048576K
Event: 57.190 GC heap after
Heap after GC invocations=14 (full 1):
 PSYoungGen      total 91136K, used 11746K [0x00000000d5580000, 0x00000000de180000, 0x0000000100000000)
  eden space 79360K, 0% used [0x00000000d5580000,0x00000000d5580000,0x00000000da300000)
  from space 11776K, 99% used [0x00000000da300000,0x00000000dae78930,0x00000000dae80000)
  to   space 16896K, 0% used [0x00000000dd100000,0x00000000dd100000,0x00000000de180000)
 ParOldGen       total 69632K, used 22862K [0x0000000080000000, 0x0000000084400000, 0x00000000d5580000)
  object space 69632K, 32% used [0x0000000080000000,0x00000000816538e0,0x0000000084400000)
 Metaspace       used 29444K, capacity 30054K, committed 30208K, reserved 1075200K
  class space    used 3366K, capacity 3544K, committed 3584K, reserved 1048576K
}
Event: 58.088 GC heap before
{Heap before GC invocations=15 (full 1):
 PSYoungGen      total 91136K, used 91106K [0x00000000d5580000, 0x00000000de180000, 0x0000000100000000)
  eden space 79360K, 100% used [0x00000000d5580000,0x00000000da300000,0x00000000da300000)
  from space 11776K, 99% used [0x00000000da300000,0x00000000dae78930,0x00000000dae80000)
  to   space 16896K, 0% used [0x00000000dd100000,0x00000000dd100000,0x00000000de180000)
 ParOldGen       total 69632K, used 22862K [0x0000000080000000, 0x0000000084400000, 0x00000000d5580000)
  object space 69632K, 32% used [0x0000000080000000,0x00000000816538e0,0x0000000084400000)
 Metaspace       used 30886K, capacity 31556K, committed 31616K, reserved 1077248K
  class space    used 3499K, capacity 3676K, committed 3712K, reserved 1048576K
Event: 58.132 GC heap after
Heap after GC invocations=15 (full 1):
 PSYoungGen      total 124416K, used 16866K [0x00000000d5580000, 0x00000000de800000, 0x0000000100000000)
  eden space 107520K, 0% used [0x00000000d5580000,0x00000000d5580000,0x00000000dbe80000)
  from space 16896K, 99% used [0x00000000dd100000,0x00000000de178890,0x00000000de180000)
  to   space 18944K, 0% used [0x00000000dbe80000,0x00000000dbe80000,0x00000000dd100000)
 ParOldGen       total 69632K, used 22926K [0x0000000080000000, 0x0000000084400000, 0x00000000d5580000)
  object space 69632K, 32% used [0x0000000080000000,0x0000000081663820,0x0000000084400000)
 Metaspace       used 30886K, capacity 31556K, committed 31616K, reserved 1077248K
  class space    used 3499K, capacity 3676K, committed 3712K, reserved 1048576K
}

