# JRE version: Java(TM) SE Runtime Environment (8.0_111-b14) (build 1.8.0_111-b14)
# Java VM: Java HotSpot(TM) 64-Bit Server VM (25.111-b14 mixed mode windows-amd64 compressed oops)
Heap:
 PSYoungGen      total 115200K, used 14752K [0x00000000d5580000, 0x00000000dce80000, 0x0000000100000000)
  eden space 106496K, 5% used [0x00000000d5580000,0x00000000d5b69f98,0x00000000dbd80000)
  from space 8704K, 99% used [0x00000000dbd80000,0x00000000dc5fe1a0,0x00000000dc600000)
  to   space 7680K, 0% used [0x00000000dc700000,0x00000000dc700000,0x00000000dce80000)
 ParOldGen       total 54784K, used 8421K [0x0000000080000000, 0x0000000083580000, 0x00000000d5580000)
  object space 54784K, 15% used [0x0000000080000000,0x00000000808394b8,0x0000000083580000)
 Metaspace       used 33167K, capacity 35408K, committed 35496K, reserved 1079296K
  class space    used 4451K, capacity 4844K, committed 4864K, reserved 1048576K
GC Heap History (10 events):
Event: 3.147 GC heap before
{Heap before GC invocations=4 (full 0):
 PSYoungGen      total 71680K, used 13934K [0x00000000d5580000, 0x00000000da080000, 0x0000000100000000)
  eden space 66560K, 13% used [0x00000000d5580000,0x00000000d5e1fec8,0x00000000d9680000)
  from space 5120K, 99% used [0x00000000d9680000,0x00000000d9b7ba60,0x00000000d9b80000)
  to   space 5120K, 0% used [0x00000000d9b80000,0x00000000d9b80000,0x00000000da080000)
 ParOldGen       total 87552K, used 4397K [0x0000000080000000, 0x0000000085580000, 0x00000000d5580000)
  object space 87552K, 5% used [0x0000000080000000,0x000000008044b6c0,0x0000000085580000)
 Metaspace       used 19757K, capacity 21208K, committed 21296K, reserved 1067008K
  class space    used 2552K, capacity 2856K, committed 2944K, reserved 1048576K
Event: 3.157 GC heap after
Heap after GC invocations=4 (full 0):
 PSYoungGen      total 71680K, used 5114K [0x00000000d5580000, 0x00000000da080000, 0x0000000100000000)
  eden space 66560K, 0% used [0x00000000d5580000,0x00000000d5580000,0x00000000d9680000)
  from space 5120K, 99% used [0x00000000d9b80000,0x00000000da07e830,0x00000000da080000)
  to   space 5120K, 0% used [0x00000000d9680000,0x00000000d9680000,0x00000000d9b80000)
 ParOldGen       total 87552K, used 5057K [0x0000000080000000, 0x0000000085580000, 0x00000000d5580000)
  object space 87552K, 5% used [0x0000000080000000,0x00000000804f0430,0x0000000085580000)
 Metaspace       used 19757K, capacity 21208K, committed 21296K, reserved 1067008K
  class space    used 2552K, capacity 2856K, committed 2944K, reserved 1048576K
}
Event: 3.157 GC heap before
{Heap before GC invocations=5 (full 1):
 PSYoungGen      total 71680K, used 5114K [0x00000000d5580000, 0x00000000da080000, 0x0000000100000000)
  eden space 66560K, 0% used [0x00000000d5580000,0x00000000d5580000,0x00000000d9680000)
  from space 5120K, 99% used [0x00000000d9b80000,0x00000000da07e830,0x00000000da080000)
  to   space 5120K, 0% used [0x00000000d9680000,0x00000000d9680000,0x00000000d9b80000)
 ParOldGen       total 87552K, used 5057K [0x0000000080000000, 0x0000000085580000, 0x00000000d5580000)
  object space 87552K, 5% used [0x0000000080000000,0x00000000804f0430,0x0000000085580000)
 Metaspace       used 19757K, capacity 21208K, committed 21296K, reserved 1067008K
  class space    used 2552K, capacity 2856K, committed 2944K, reserved 1048576K
Event: 3.220 GC heap after
Heap after GC invocations=5 (full 1):
 PSYoungGen      total 71680K, used 0K [0x00000000d5580000, 0x00000000da080000, 0x0000000100000000)
  eden space 66560K, 0% used [0x00000000d5580000,0x00000000d5580000,0x00000000d9680000)
  from space 5120K, 0% used [0x00000000d9b80000,0x00000000d9b80000,0x00000000da080000)
  to   space 5120K, 0% used [0x00000000d9680000,0x00000000d9680000,0x00000000d9b80000)
 ParOldGen       total 54784K, used 5615K [0x0000000080000000, 0x0000000083580000, 0x00000000d5580000)
  object space 54784K, 10% used [0x0000000080000000,0x000000008057bf30,0x0000000083580000)
 Metaspace       used 19757K, capacity 21208K, committed 21296K, reserved 1067008K
  class space    used 2552K, capacity 2856K, committed 2944K, reserved 1048576K
}
Event: 3.539 GC heap before
{Heap before GC invocations=6 (full 1):
 PSYoungGen      total 71680K, used 66506K [0x00000000d5580000, 0x00000000da080000, 0x0000000100000000)
  eden space 66560K, 99% used [0x00000000d5580000,0x00000000d9672a18,0x00000000d9680000)
  from space 5120K, 0% used [0x00000000d9b80000,0x00000000d9b80000,0x00000000da080000)
  to   space 5120K, 0% used [0x00000000d9680000,0x00000000d9680000,0x00000000d9b80000)
 ParOldGen       total 54784K, used 5615K [0x0000000080000000, 0x0000000083580000, 0x00000000d5580000)
  object space 54784K, 10% used [0x0000000080000000,0x000000008057bf30,0x0000000083580000)
 Metaspace       used 23373K, capacity 24952K, committed 25216K, reserved 1071104K
  class space    used 3065K, capacity 3370K, committed 3456K, reserved 1048576K
Event: 3.543 GC heap after
Heap after GC invocations=6 (full 1):
 PSYoungGen      total 71680K, used 4933K [0x00000000d5580000, 0x00000000dd000000, 0x0000000100000000)
  eden space 66560K, 0% used [0x00000000d5580000,0x00000000d5580000,0x00000000d9680000)
  from space 5120K, 96% used [0x00000000d9680000,0x00000000d9b514c0,0x00000000d9b80000)
  to   space 9216K, 0% used [0x00000000dc700000,0x00000000dc700000,0x00000000dd000000)
 ParOldGen       total 54784K, used 5615K [0x0000000080000000, 0x0000000083580000, 0x00000000d5580000)
  object space 54784K, 10% used [0x0000000080000000,0x000000008057bf30,0x0000000083580000)
 Metaspace       used 23373K, capacity 24952K, committed 25216K, reserved 1071104K
  class space    used 3065K, capacity 3370K, committed 3456K, reserved 1048576K
}
Event: 4.504 GC heap before
{Heap before GC invocations=7 (full 1):
 PSYoungGen      total 71680K, used 71493K [0x00000000d5580000, 0x00000000dd000000, 0x0000000100000000)
  eden space 66560K, 100% used [0x00000000d5580000,0x00000000d9680000,0x00000000d9680000)
  from space 5120K, 96% used [0x00000000d9680000,0x00000000d9b514c0,0x00000000d9b80000)
  to   space 9216K, 0% used [0x00000000dc700000,0x00000000dc700000,0x00000000dd000000)
 ParOldGen       total 54784K, used 5615K [0x0000000080000000, 0x0000000083580000, 0x00000000d5580000)
  object space 54784K, 10% used [0x0000000080000000,0x000000008057bf30,0x0000000083580000)
 Metaspace       used 25871K, capacity 27684K, committed 27776K, reserved 1073152K
  class space    used 3374K, capacity 3704K, committed 3712K, reserved 1048576K
Event: 4.529 GC heap after
Heap after GC invocations=7 (full 1):
 PSYoungGen      total 114176K, used 5495K [0x00000000d5580000, 0x00000000dce80000, 0x0000000100000000)
  eden space 106496K, 0% used [0x00000000d5580000,0x00000000d5580000,0x00000000dbd80000)
  from space 7680K, 71% used [0x00000000dc700000,0x00000000dcc5df70,0x00000000dce80000)
  to   space 8704K, 0% used [0x00000000dbd80000,0x00000000dbd80000,0x00000000dc600000)
 ParOldGen       total 54784K, used 5623K [0x0000000080000000, 0x0000000083580000, 0x00000000d5580000)
  object space 54784K, 10% used [0x0000000080000000,0x000000008057df30,0x0000000083580000)
 Metaspace       used 25871K, capacity 27684K, committed 27776K, reserved 1073152K
  class space    used 3374K, capacity 3704K, committed 3712K, reserved 1048576K
}
Event: 6.484 GC heap before
{Heap before GC invocations=8 (full 1):
 PSYoungGen      total 114176K, used 111991K [0x00000000d5580000, 0x00000000dce80000, 0x0000000100000000)
  eden space 106496K, 100% used [0x00000000d5580000,0x00000000dbd80000,0x00000000dbd80000)
  from space 7680K, 71% used [0x00000000dc700000,0x00000000dcc5df70,0x00000000dce80000)
  to   space 8704K, 0% used [0x00000000dbd80000,0x00000000dbd80000,0x00000000dc600000)
 ParOldGen       total 54784K, used 5623K [0x0000000080000000, 0x0000000083580000, 0x00000000d5580000)
  object space 54784K, 10% used [0x0000000080000000,0x000000008057df30,0x0000000083580000)
 Metaspace       used 32499K, capacity 34702K, committed 34944K, reserved 1079296K
  class space    used 4327K, capacity 4715K, committed 4736K, reserved 1048576K
Event: 6.515 GC heap after
Heap after GC invocations=8 (full 1):
 PSYoungGen      total 115200K, used 8696K [0x00000000d5580000, 0x00000000dce80000, 0x0000000100000000)
  eden space 106496K, 0% used [0x00000000d5580000,0x00000000d5580000,0x00000000dbd80000)
  from space 8704K, 99% used [0x00000000dbd80000,0x00000000dc5fe1a0,0x00000000dc600000)
  to   space 7680K, 0% used [0x00000000dc700000,0x00000000dc700000,0x00000000dce80000)
 ParOldGen       total 54784K, used 8421K [0x0000000080000000, 0x0000000083580000, 0x00000000d5580000)
  object space 54784K, 15% used [0x0000000080000000,0x00000000808394b8,0x0000000083580000)
 Metaspace       used 32499K, capacity 34702K, committed 34944K, reserved 1079296K
  class space    used 4327K, capacity 4715K, committed 4736K, reserved 1048576K
}

